[27/05/2024 19:39:41] [Administrador] [Iniciar Sesión] [SELECT * FROM usuarios WHERE nombreUsuario='juanmaRoot' AND contrasenaUsuario = SHA2('Studium2023;', 256);]
[27/05/2024 19:41:33] [Administrador] [Iniciar Sesión] [SELECT * FROM usuarios WHERE nombreUsuario='juanmaRoot' AND contrasenaUsuario = SHA2('Studium2023;', 256);]
[27/05/2024 19:41:37] [Administrador] [Alta Reserva] [INSERT INTO Reservas (idSociosFK, precioReserva, fechaReserva, idPistasFK) JOIN Socios on Reservas.idSociosFK = Socios.idSocios WHERE dniSocio = 12345678TVALUES ('12345678T', '21-06-2024', '100€', '2', ');]
[27/05/2024 19:41:41] [Administrador] [Consulta Reservas] [SELECT idReservas, precioReserva, fechaReserva, idSociosFK, idPistasFK from Reservas;]
[27/05/2024 19:41:54] [Administrador] [Consulta Pistas] [SELECT idPistas, nombrePista, zonaPista, tipoPista from Pistas;]
[27/05/2024 19:42:14] [Administrador] [Iniciar Sesión] [SELECT * FROM usuarios WHERE nombreUsuario='juanmaRoot' AND contrasenaUsuario = SHA2('Studium2023;', 256);]
[27/05/2024 19:42:53] [Administrador] [Iniciar Sesión] [SELECT * FROM usuarios WHERE nombreUsuario='juanmaRoot' AND contrasenaUsuario = SHA2('Studium2023;', 256);]
[27/05/2024 19:42:57] [Administrador] [Consulta Reservas] [SELECT idReservas, precioReserva, fechaReserva, idSociosFK, idPistasFK from Reservas;]
[27/05/2024 19:43:53] [Administrador] [Iniciar Sesión] [SELECT * FROM usuarios WHERE nombreUsuario='juanmaRoot' AND contrasenaUsuario = SHA2('Studium2023;', 256);]
[27/05/2024 19:43:56] [Administrador] [Consulta Reservas] [SELECT idReservas, precioReserva, fechaReserva, idSociosFK, idPistasFK from Reservas;]
[27/05/2024 19:56:36] [Administrador] [Iniciar Sesión] [SELECT * FROM usuarios WHERE nombreUsuario='juanmaRoot' AND contrasenaUsuario = SHA2('Studium2023;', 256);]
[27/05/2024 19:56:41] [Administrador] [Alta Reserva] [INSERT INTO Reservas (precioReserva, fechaReserva, idSociosFK, idPistasFK) SELECT '100€', '21-06-2024', s.idSocios, p.idPistas FROM Socios s JOIN Pistas p ON s.dniSocio = '12345678T' AND p.idPistas = 2;]
[27/05/2024 19:57:23] [Administrador] [Iniciar Sesión] [SELECT * FROM usuarios WHERE nombreUsuario='juanmaRoot' AND contrasenaUsuario = SHA2('Studium2023;', 256);]
[27/05/2024 19:57:45] [Administrador] [Alta Reserva] [INSERT INTO Reservas (precioReserva, fechaReserva, idSociosFK, idPistasFK) SELECT '120€', '26-06-2024', s.idSocios, p.idPistas FROM Socios s JOIN Pistas p ON s.dniSocio = '12345678T' AND p.idPistas = 1;]
[27/05/2024 19:57:49] [Administrador] [Consulta Reservas] [SELECT idReservas, precioReserva, fechaReserva, idSociosFK, idPistasFK from Reservas;]
[27/05/2024 20:16:49] [Administrador] [Iniciar Sesión] [SELECT * FROM usuarios WHERE nombreUsuario='juanmaRoot' AND contrasenaUsuario = SHA2('Studium2023;', 256);]
[27/05/2024 20:16:51] [Administrador] [Consulta Pistas] [SELECT idPistas, nombrePista, zonaPista, tipoPista from Pistas;]
[27/05/2024 20:17:27] [Administrador] [Alta Reserva] [INSERT INTO Pistas (nombrePista, zonaPista, tipoPista)VALUES ('Carlos XIII', '1', ' Golf',');]
[27/05/2024 20:19:22] [Administrador] [Iniciar Sesión] [SELECT * FROM usuarios WHERE nombreUsuario='juanmaRoot' AND contrasenaUsuario = SHA2('Studium2023;', 256);]
[27/05/2024 20:19:40] [Administrador] [Alta Reserva] [INSERT INTO Pistas (nombrePista, zonaPista, tipoPista)VALUES ('Carlos XII', '1', 'Golf',');]
[27/05/2024 20:37:48] [Administrador] [Iniciar Sesión] [SELECT * FROM usuarios WHERE nombreUsuario='juanmaRoot' AND contrasenaUsuario = SHA2('Studium2023;', 256);]
[27/05/2024 20:38:04] [Administrador] [Alta Reserva] [INSERT INTO Pistas (nombrePista, zonaPista, tipoPista)VALUES (' Carlos XIII', ' 1', ' Golf);]
[27/05/2024 20:38:51] [Administrador] [Iniciar Sesión] [SELECT * FROM usuarios WHERE nombreUsuario='juanmaRoot' AND contrasenaUsuario = SHA2('Studium2023;', 256);]
[27/05/2024 20:39:04] [Administrador] [Alta Reserva] [INSERT INTO Pistas (nombrePista, zonaPista, tipoPista)VALUES ('Carlos XIII ', ' 1', ' Golf');]
[27/05/2024 20:40:50] [Administrador] [Iniciar Sesión] [SELECT * FROM usuarios WHERE nombreUsuario='juanmaRoot' AND contrasenaUsuario = SHA2('Studium2023;', 256);]
[27/05/2024 20:41:04] [Administrador] [Alta Reserva] [INSERT INTO Pistas (nombrePista, zonaPista, tipoPista) VALUES ('Carlos XIII ', ' 1', ' Golf');]
[27/05/2024 20:42:21] [Administrador] [Alta Reserva] [INSERT INTO Reservas (precioReserva, fechaReserva, idSociosFK, idPistasFK) SELECT '100€', '21-06-2024', s.idSocios, p.idPistas FROM Socios s JOIN Pistas p ON s.dniSocio = '12345678T' AND p.idPistas = 2;]
[27/05/2024 20:42:22] [Administrador] [Alta Reserva] [INSERT INTO Reservas (precioReserva, fechaReserva, idSociosFK, idPistasFK) SELECT '100€', '21-06-2024', s.idSocios, p.idPistas FROM Socios s JOIN Pistas p ON s.dniSocio = '12345678T' AND p.idPistas = 2;]
[27/05/2024 20:42:24] [Administrador] [Alta Reserva] [INSERT INTO Reservas (precioReserva, fechaReserva, idSociosFK, idPistasFK) SELECT '100€', '21-06-2024', s.idSocios, p.idPistas FROM Socios s JOIN Pistas p ON s.dniSocio = '12345678T' AND p.idPistas = 2;]
[27/05/2024 20:42:53] [Administrador] [Iniciar Sesión] [SELECT * FROM usuarios WHERE nombreUsuario='juanmaRoot' AND contrasenaUsuario = SHA2('Studium2023;', 256);]
[27/05/2024 20:43:08] [Administrador] [Alta Reserva] [INSERT INTO Pistas (nombrePista, zonaPista, tipoPista) VALUES ('Carlos XIII ', ' 1', ' Golf'1 );]
[27/05/2024 20:44:06] [Administrador] [Iniciar Sesión] [SELECT * FROM usuarios WHERE nombreUsuario='juanmaRoot' AND contrasenaUsuario = SHA2('Studium2023;', 256);]
[27/05/2024 20:44:19] [Administrador] [Alta Reserva] [INSERT INTO Pistas (nombrePista, zonaPista, tipoPista) VALUES ('Carlos XII ', ' 1', ' Golf');]
[27/05/2024 20:45:17] [Administrador] [Iniciar Sesión] [SELECT * FROM usuarios WHERE nombreUsuario='juanmaRoot' AND contrasenaUsuario = SHA2('Studium2023;', 256);]
[27/05/2024 20:45:31] [Administrador] [Alta Reserva] [INSERT INTO Pistas (nombrePista, zonaPista, tipoPista) VALUES ('Carlos XII ', ' 1', ' Golf'1 );]
[27/05/2024 20:46:22] [Administrador] [Iniciar Sesión] [SELECT * FROM usuarios WHERE nombreUsuario='juanmaRoot' AND contrasenaUsuario = SHA2('Studium2023;', 256);]
[27/05/2024 20:46:34] [Administrador] [Alta Reserva] [INSERT INTO Pistas (nombrePista, zonaPista, tipoPista) VALUES ('Carlos XII ', ' 1', ' Golf'1);]
[27/05/2024 20:47:44] [Administrador] [Iniciar Sesión] [SELECT * FROM usuarios WHERE nombreUsuario='juanmaRoot' AND contrasenaUsuario = SHA2('Studium2023;', 256);]
[27/05/2024 20:47:44] [Administrador] [Iniciar Sesión] [SELECT * FROM usuarios WHERE nombreUsuario='juanmaRoot' AND contrasenaUsuario = SHA2('Studium2023;', 256);]
[27/05/2024 20:47:56] [Administrador] [Alta Reserva] [INSERT INTO Pistas (nombrePista, zonaPista, tipoPista) VALUES ('Carlos XIII ', ' 1', ' Golf', 1);]
[27/05/2024 20:49:15] [Administrador] [Iniciar Sesión] [SELECT * FROM usuarios WHERE nombreUsuario='juanmaRoot' AND contrasenaUsuario = SHA2('Studium2023;', 256);]
[27/05/2024 20:49:31] [Administrador] [Alta Reserva] [INSERT INTO Pistas (nombrePista, zonaPista, tipoPista) VALUES ('Carlos XIII', ' 1', ' Golf');]
[27/05/2024 20:51:58] [Administrador] [Iniciar Sesión] [SELECT * FROM usuarios WHERE nombreUsuario='juanmaRoot' AND contrasenaUsuario = SHA2('Studium2023;', 256);]
[27/05/2024 20:52:10] [Administrador] [Alta Reserva] [INSERT INTO Pistas (nombrePista, zonaPista, tipoPista) VALUES ('Carlos XIII ', ' 1', ' Golf');]
[27/05/2024 20:52:52] [Administrador] [Alta Reserva] [INSERT INTO Pistas (nombrePista, zonaPista, tipoPista) VALUES (' dasd', ' fdds', ' dsfdsf');]
[27/05/2024 20:54:04] [Administrador] [Iniciar Sesión] [SELECT * FROM usuarios WHERE nombreUsuario='juanmaRoot' AND contrasenaUsuario = SHA2('Studium2023;', 256);]
[27/05/2024 20:54:16] [Administrador] [Alta Reserva] [INSERT INTO Pistas (nombrePista, zonaPista, tipoPista) VALUES ('Carlos XIII ', ' 1', ' Golf');]
[27/05/2024 20:55:32] [Administrador] [Iniciar Sesión] [SELECT * FROM usuarios WHERE nombreUsuario='juanmaRoot' AND contrasenaUsuario = SHA2('Studium2023;', 256);]
[27/05/2024 20:55:50] [Administrador] [Alta Reserva] [INSERT INTO Reservas (precioReserva, fechaReserva, idSociosFK, idPistasFK) SELECT '120€', '26-06-2024', s.idSocios, p.idPistas FROM Socios s JOIN Pistas p ON s.dniSocio = '12345678T' AND p.idPistas = 1;]
[27/05/2024 20:56:05] [Administrador] [Consulta Reservas] [SELECT idReservas, precioReserva, fechaReserva, idSociosFK, idPistasFK from Reservas;]
[27/05/2024 20:59:48] [Administrador] [Iniciar Sesión] [SELECT * FROM usuarios WHERE nombreUsuario='juanmaRoot' AND contrasenaUsuario = SHA2('Studium2023;', 256);]
[27/05/2024 21:04:12] [Administrador] [Iniciar Sesión] [SELECT * FROM usuarios WHERE nombreUsuario='juanmaRoot' AND contrasenaUsuario = SHA2('Studium2023;', 256);]
[27/05/2024 21:04:14] [Administrador] [Consulta Reserva] [SELECT idReservas, precioReserva, fechaReserva, idSociosFK, idPistasFK from Reservas;]
[27/05/2024 21:04:16] [Administrador] [Consulta Reserva] [SELECT idReservas, precioReserva, fechaReserva, idSociosFK, idPistasFK from Reservas;]
[28/05/2024 10:35:58] [Administrador] [Iniciar Sesión] [SELECT * FROM usuarios WHERE nombreUsuario='juanmaRoot' AND contrasenaUsuario = SHA2('Studium2023;', 256);]
[28/05/2024 10:36:02] [Administrador] [Consulta Reserva] [SELECT idReservas, precioReserva, fechaReserva, idSociosFK, idPistasFK from Reservas;]
[28/05/2024 10:36:12] [Administrador] [Consulta Pistas] [SELECT idPistas, nombrePista, zonaPista, tipoPista from Pistas;]
[28/05/2024 19:52:15] [Administrador] [Consulta Reserva] [SELECT idReservas, precioReserva, fechaReserva, idSociosFK, idPistasFK from Reservas;]
[28/05/2024 19:52:52] [Administrador] [Consulta Reserva] [SELECT idReservas, precioReserva, fechaReserva, idSociosFK, idPistasFK from Reservas;]
[28/05/2024 20:04:45] [Administrador] [Iniciar Sesión] [SELECT * FROM usuarios WHERE nombreUsuario='juanmaRoot' AND contrasenaUsuario = SHA2('Studium2023;', 256);]
[28/05/2024 20:04:50] [Administrador] [Consulta Reserva] [SELECT idReservas, precioReserva, fechaReserva, idSociosFK, idPistasFK from Reservas;]
[28/05/2024 20:04:57] [Administrador] [Consulta Reserva] [SELECT idReservas, precioReserva, fechaReserva, idSociosFK, idPistasFK from Reservas;]
[28/05/2024 20:05:20] [Administrador] [Consulta Reserva] [SELECT idReservas, precioReserva, fechaReserva, idSociosFK, idPistasFK from Reservas;]
[28/05/2024 20:11:49] [Administrador] [Consulta Pistas] [SELECT idPistas, nombrePista, zonaPista, tipoPista from Pistas;]
[28/05/2024 20:12:35] [Administrador] [Consulta Socio] [SELECT idSocios, dniSocio, nombreSocio, primerApellidoSocio, segundoApellidoSocio, correoElectronicoSocio, contrasenaSocio from Socios;]
[28/05/2024 20:12:50] [Administrador] [Eliminar Pista] [DELETE FROM Reservas WHERE precioReserva = '400' AND dniSocio = '12345632T';]
[28/05/2024 20:13:06] [Administrador] [Eliminar Pista] [DELETE FROM Reservas WHERE precioReserva = '400' AND dniSocio = '9';]
[28/05/2024 20:18:50] [Administrador] [Iniciar Sesión] [SELECT * FROM usuarios WHERE nombreUsuario='juanmaRoot' AND contrasenaUsuario = SHA2('Studium2023;', 256);]
[28/05/2024 20:18:55] [Administrador] [Consulta Socio] [SELECT idSocios, dniSocio, nombreSocio, primerApellidoSocio, segundoApellidoSocio, correoElectronicoSocio, contrasenaSocio from Socios;]
[28/05/2024 20:19:06] [Administrador] [Consulta Reserva] [SELECT idReservas, precioReserva, fechaReserva, idSociosFK, idPistasFK from Reservas;]
[28/05/2024 20:19:41] [Administrador] [Eliminar Pista] [DELETE FROM Reservas WHERE precioReserva = '400.00' AND dniSocio = '12345678T';]
[28/05/2024 20:59:58] [Administrador] [Iniciar Sesión] [SELECT * FROM usuarios WHERE nombreUsuario='juanmaRoot' AND contrasenaUsuario = SHA2('Studium2023;', 256);]
[28/05/2024 21:00:15] [Administrador] [Consulta Reserva] [SELECT idReservas, precioReserva, fechaReserva, idSociosFK, idPistasFK from Reservas;]
[28/05/2024 21:00:31] [Administrador] [Consulta Reserva] [SELECT idReservas, precioReserva, fechaReserva, idSociosFK, idPistasFK from Reservas;]
[28/05/2024 21:00:33] [Administrador] [Consulta Reserva] [SELECT idReservas, precioReserva, fechaReserva, idSociosFK, idPistasFK from Reservas;]
[28/05/2024 21:00:45] [Administrador] [Consulta Reserva] [SELECT idReservas, precioReserva, fechaReserva, idSociosFK, idPistasFK from Reservas;]
[28/05/2024 21:00:46] [Administrador] [Modificación Reserva] [UPDATE Reservas SET fechaReserva = '2024-02-12', precioReserva = '120.00', idPistasFK = '1' WHERE idSociosFK = '2';]
[28/05/2024 21:00:49] [Administrador] [Consulta Reserva] [SELECT idReservas, precioReserva, fechaReserva, idSociosFK, idPistasFK from Reservas;]
[28/05/2024 21:00:52] [Administrador] [Consulta Reserva] [SELECT idReservas, precioReserva, fechaReserva, idSociosFK, idPistasFK from Reservas;]
[28/05/2024 21:00:58] [Administrador] [Modificación Reserva] [UPDATE Reservas SET fechaReserva = '2024-10-15', precioReserva = '300.00', idPistasFK = '2' WHERE idSociosFK = '9';]
[28/05/2024 21:01:02] [Administrador] [Consulta Reserva] [SELECT idReservas, precioReserva, fechaReserva, idSociosFK, idPistasFK from Reservas;]
[28/05/2024 21:01:36] [Administrador] [Iniciar Sesión] [SELECT * FROM usuarios WHERE nombreUsuario='juanmaRoot' AND contrasenaUsuario = SHA2('Studium2023;', 256);]
[28/05/2024 21:02:34] [Administrador] [Alta Reserva] [INSERT INTO Reservas (precioReserva, fechaReserva, idSociosFK, idPistasFK) SELECT '100€', '2024-06-10', s.idSocios, p.idPistas FROM Socios s JOIN Pistas p ON s.dniSocio = '12345678T' AND p.idPistas = 1;]
[28/05/2024 21:02:41] [Administrador] [Alta Reserva] [INSERT INTO Reservas (precioReserva, fechaReserva, idSociosFK, idPistasFK) SELECT '100.00', '2024-06-10', s.idSocios, p.idPistas FROM Socios s JOIN Pistas p ON s.dniSocio = '12345678T' AND p.idPistas = 1;]
[28/05/2024 21:02:54] [Administrador] [Consulta Reserva] [SELECT idReservas, precioReserva, fechaReserva, idSociosFK, idPistasFK from Reservas;]
[28/05/2024 21:03:04] [Administrador] [Consulta Reserva] [SELECT idReservas, precioReserva, fechaReserva, idSociosFK, idPistasFK from Reservas;]
[28/05/2024 21:03:07] [Administrador] [Consulta Reserva] [SELECT idReservas, precioReserva, fechaReserva, idSociosFK, idPistasFK from Reservas;]
[28/05/2024 21:03:12] [Administrador] [Modificación Reserva] [UPDATE Reservas SET fechaReserva = '2024-06-10', precioReserva = '100.00', idPistasFK = '2' WHERE idSociosFK = '6';]
[28/05/2024 21:03:20] [Administrador] [Consulta Reserva] [SELECT idReservas, precioReserva, fechaReserva, idSociosFK, idPistasFK from Reservas;]
[28/05/2024 21:03:48] [Administrador] [Consulta Reserva] [SELECT idReservas, precioReserva, fechaReserva, idSociosFK, idPistasFK from Reservas;]
[28/05/2024 21:03:53] [Administrador] [Consulta Reserva] [SELECT idReservas, precioReserva, fechaReserva, idSociosFK, idPistasFK from Reservas;]
[28/05/2024 21:03:56] [Administrador] [Consulta Reserva] [SELECT idReservas, precioReserva, fechaReserva, idSociosFK, idPistasFK from Reservas;]
[28/05/2024 21:04:09] [Administrador] [Consulta Reserva] [SELECT idReservas, precioReserva, fechaReserva, idSociosFK, idPistasFK from Reservas;]
[28/05/2024 21:49:43] [Administrador] [Consulta Socio] [SELECT idSocios, dniSocio, nombreSocio, primerApellidoSocio, segundoApellidoSocio, correoElectronicoSocio, contrasenaSocio from Socios;]
[28/05/2024 21:49:43] [Administrador] [Consulta Pistas] [SELECT idPistas, nombrePista, zonaPista, tipoPista from Pistas;]
[28/05/2024 22:03:22] [Administrador] [Consulta Socio] [SELECT idSocios, dniSocio, nombreSocio, primerApellidoSocio, segundoApellidoSocio, correoElectronicoSocio, contrasenaSocio from Socios;]
[28/05/2024 22:03:22] [Administrador] [Consulta Pistas] [SELECT idPistas, nombrePista, zonaPista, tipoPista from Pistas;]
[28/05/2024 22:03:32] [Administrador] [Alta Reserva] [INSERT INTO Reservas (precioReserva, fechaReserva, idSociosFK, idPistasFK) SELECT '100€', '21-06-2024', s.idSocios, p.idPistas FROM Socios s JOIN Pistas p ON s.dniSocio = '29804522M - Veronika' AND p.idPistas = Carlos XIII - Golf;]
[28/05/2024 22:08:44] [Administrador] [Consulta Socio] [SELECT idSocios, dniSocio, nombreSocio, primerApellidoSocio, segundoApellidoSocio, correoElectronicoSocio, contrasenaSocio from Socios;]
[28/05/2024 22:08:44] [Administrador] [Consulta Pistas] [SELECT idPistas, nombrePista, zonaPista, tipoPista from Pistas;]
[28/05/2024 22:09:02] [Administrador] [Alta Reserva] [INSERT INTO Reservas (socio, fecha, precio, pista) VALUES ('29804522M - Veronika', '21-06-2024', '130.00', 'Carlos XIII - Golf');]
[28/05/2024 22:10:22] [Administrador] [Consulta Socio] [SELECT idSocios, dniSocio, nombreSocio, primerApellidoSocio, segundoApellidoSocio, correoElectronicoSocio, contrasenaSocio from Socios;]
[28/05/2024 22:10:22] [Administrador] [Consulta Pistas] [SELECT idPistas, nombrePista, zonaPista, tipoPista from Pistas;]
[28/05/2024 22:10:30] [Administrador] [Alta Reserva] [INSERT INTO Reservas (idSociosFK, fechaReserva, precioReserva, idPistasFK) VALUES ('29804522M - Veronika', '21-06-2024', '100.00', 'Pista Central - Baloncesto');]
[28/05/2024 22:16:39] [Administrador] [Iniciar Sesión] [SELECT * FROM usuarios WHERE nombreUsuario='juanmaRoot' AND contrasenaUsuario = SHA2('Studium2023;', 256);]
[28/05/2024 22:19:40] [Administrador] [Consulta Socio] [SELECT idSocios, dniSocio, nombreSocio, primerApellidoSocio, segundoApellidoSocio, correoElectronicoSocio, contrasenaSocio from Socios;]
[28/05/2024 22:19:40] [Administrador] [Consulta Pistas] [SELECT idPistas, nombrePista, zonaPista, tipoPista from Pistas;]
[28/05/2024 22:19:48] [Administrador] [Alta Reserva] [INSERT INTO Reservas (idSociosFK, fechaReserva, precioReserva, idPistasFK) VALUES ('29804522M - Veronika', '21-06-2024', '100.00', 'Pista Central - Baloncesto');]
[28/05/2024 22:30:52] [Administrador] [Consulta Socio] [SELECT idSocios, dniSocio, nombreSocio, primerApellidoSocio, segundoApellidoSocio, correoElectronicoSocio, contrasenaSocio from Socios;]
[28/05/2024 22:30:52] [Administrador] [Consulta Pistas] [SELECT idPistas, nombrePista, zonaPista, tipoPista from Pistas;]
[28/05/2024 22:30:59] [Administrador] [Alta Reserva] [INSERT INTO Reservas (idSociosFK, fechaReserva, precioReserva, idPistasFK) SELECT s.idSocios, '21-06-2024', 100, p.idPistas FROM Socios s JOIN Pistas p ON s.dniSocio = '29804522M' AND p.nombrePista = 'Carlos XIII' AND p.tipoPista = 'Golf']
[28/05/2024 22:31:41] [Administrador] [Consulta Socio] [SELECT idSocios, dniSocio, nombreSocio, primerApellidoSocio, segundoApellidoSocio, correoElectronicoSocio, contrasenaSocio from Socios;]
[28/05/2024 22:31:41] [Administrador] [Consulta Pistas] [SELECT idPistas, nombrePista, zonaPista, tipoPista from Pistas;]
[28/05/2024 22:31:58] [Administrador] [Alta Reserva] [INSERT INTO Reservas (idSociosFK, fechaReserva, precioReserva, idPistasFK) SELECT s.idSocios, '2024-10-15', 100.00, p.idPistas FROM Socios s JOIN Pistas p ON s.dniSocio = '29804522M' AND p.nombrePista = 'Carlos XIII' AND p.tipoPista = 'Golf']
[28/05/2024 22:32:25] [Administrador] [Iniciar Sesión] [SELECT * FROM usuarios WHERE nombreUsuario='juanmaRoot' AND contrasenaUsuario = SHA2('Studium2023;', 256);]
[28/05/2024 22:32:28] [Administrador] [Consulta Reserva] [SELECT idReservas, precioReserva, fechaReserva, idSociosFK, idPistasFK from Reservas;]
[28/05/2024 22:32:39] [Administrador] [Consulta Socio] [SELECT idSocios, dniSocio, nombreSocio, primerApellidoSocio, segundoApellidoSocio, correoElectronicoSocio, contrasenaSocio from Socios;]
[28/05/2024 22:32:39] [Administrador] [Consulta Pistas] [SELECT idPistas, nombrePista, zonaPista, tipoPista from Pistas;]
[28/05/2024 22:32:59] [Administrador] [Alta Reserva] [INSERT INTO Reservas (idSociosFK, fechaReserva, precioReserva, idPistasFK) SELECT s.idSocios, '2024-10-12', 180, p.idPistas FROM Socios s JOIN Pistas p ON s.dniSocio = '29804522M' AND p.nombrePista = 'Carlos XIII' AND p.tipoPista = 'Golf']
[28/05/2024 22:33:03] [Administrador] [Consulta Reserva] [SELECT idReservas, precioReserva, fechaReserva, idSociosFK, idPistasFK from Reservas;]
[29/05/2024 00:33:23] [Administrador] [Iniciar Sesión] [SELECT * FROM usuarios WHERE nombreUsuario='juanmaRoot' AND contrasenaUsuario = SHA2('Studium2023;', 256);]
[29/05/2024 00:33:25] [Administrador] [Consulta Socio] [SELECT idSocios, dniSocio, nombreSocio, primerApellidoSocio, segundoApellidoSocio, correoElectronicoSocio, contrasenaSocio from Socios;]
[29/05/2024 00:33:25] [Administrador] [Consulta Pistas] [SELECT idPistas, nombrePista, zonaPista, tipoPista from Pistas;]
[29/05/2024 00:33:56] [Administrador] [Alta Reserva] [INSERT INTO Reservas (idSociosFK, fechaReserva, precioReserva, idPistasFK) SELECT s.idSocios, '1', 180, p.idPistas FROM Socios s JOIN Pistas p ON s.dniSocio = '29804522M' AND p.nombrePista = 'Carlos XIII' AND p.tipoPista = 'Golf']
[29/05/2024 00:34:18] [Administrador] [Alta Reserva] [INSERT INTO Reservas (idSociosFK, fechaReserva, precioReserva, idPistasFK) SELECT s.idSocios, '2024-11-23', 180, p.idPistas FROM Socios s JOIN Pistas p ON s.dniSocio = '29804522M' AND p.nombrePista = 'Carlos XIII' AND p.tipoPista = 'Golf']
[29/05/2024 00:34:28] [Administrador] [Consulta Reserva] [SELECT idReservas, precioReserva, fechaReserva, idSociosFK, idPistasFK from Reservas;]
[29/05/2024 00:34:51] [Administrador] [Consulta Socio] [SELECT idSocios, dniSocio, nombreSocio, primerApellidoSocio, segundoApellidoSocio, correoElectronicoSocio, contrasenaSocio from Socios;]
[29/05/2024 00:35:02] [Administrador] [Eliminar Pista] [DELETE FROM Reservas WHERE precioReserva = '180' AND dniSocio = '29804522M';]
[29/05/2024 00:50:07] [Administrador] [Consulta Reserva] [SELECT idReservas, precioReserva, fechaReserva, idSociosFK, idPistasFK from Reservas;]
[29/05/2024 00:51:25] [Administrador] [Consulta Reserva] [SELECT idReservas, precioReserva, fechaReserva, idSociosFK, idPistasFK from Reservas;]
[29/05/2024 00:53:29] [Administrador] [Consulta Reserva] [SELECT idReservas, precioReserva, fechaReserva, idSociosFK, idPistasFK from Reservas;]
[29/05/2024 00:55:21] [Administrador] [Iniciar Sesión] [SELECT * FROM usuarios WHERE nombreUsuario='juanmaRoot' AND contrasenaUsuario = SHA2('Studium2023;', 256);]
[29/05/2024 00:55:23] [Administrador] [Consulta Socio] [SELECT idSocios, dniSocio, nombreSocio, primerApellidoSocio, segundoApellidoSocio, correoElectronicoSocio, contrasenaSocio from Socios;]
[29/05/2024 00:55:23] [Administrador] [Consulta Pistas] [SELECT idPistas, nombrePista, zonaPista, tipoPista from Pistas;]
[29/05/2024 00:55:39] [Administrador] [Alta Reserva] [INSERT INTO Reservas (idSociosFK, fechaReserva, precioReserva, idPistasFK) SELECT s.idSocios, '2024-01-15', 200, p.idPistas FROM Socios s JOIN Pistas p ON s.dniSocio = '12945678T' AND p.nombrePista = 'Pista Central' AND p.tipoPista = 'Baloncesto']
[29/05/2024 00:55:43] [Administrador] [Consulta Reserva] [SELECT idReservas, precioReserva, fechaReserva, idSociosFK, idPistasFK from Reservas;]
[29/05/2024 00:55:54] [Administrador] [Consulta Reserva] [SELECT idReservas, precioReserva, fechaReserva, idSociosFK, idPistasFK from Reservas;]
[29/05/2024 00:55:58] [Administrador] [Eliminar Pista] [DELETE FROM Reservas WHERE precioReserva = '200.00' AND dniSocio = '29';]
[29/05/2024 00:58:02] [Administrador] [Consulta Reserva] [SELECT idReservas, precioReserva, fechaReserva, idSociosFK, idPistasFK from Reservas;]
[29/05/2024 00:58:04] [Administrador] [Eliminar Pista] [DELETE FROM Reservas WHERE precioReserva = '200.00' AND dniSocio = '29';]
[29/05/2024 00:58:58] [Administrador] [Consulta Reserva] [SELECT idReservas, precioReserva, fechaReserva, idSociosFK, idPistasFK from Reservas;]
[29/05/2024 00:59:01] [Administrador] [Eliminar Reserva] [DELETE FROM Reservas WHERE precioReserva = '200.00' AND fechaReserva = '2024-01-15' AND idSociosFK = '29';]
[29/05/2024 01:03:58] [Administrador] [Consulta Socio] [SELECT idSocios, dniSocio, nombreSocio, primerApellidoSocio, segundoApellidoSocio, correoElectronicoSocio, contrasenaSocio from Socios;]
[29/05/2024 01:03:58] [Administrador] [Consulta Pistas] [SELECT idPistas, nombrePista, zonaPista, tipoPista from Pistas;]
[29/05/2024 01:04:07] [Administrador] [Iniciar Sesión] [SELECT * FROM usuarios WHERE nombreUsuario='juanmaRoot' AND contrasenaUsuario = SHA2('Studium2023;', 256);]
[29/05/2024 01:04:09] [Administrador] [Consulta Reserva] [SELECT idReservas, precioReserva, fechaReserva, idSociosFK, idPistasFK from Reservas;]
[29/05/2024 01:04:13] [Administrador] [Consulta Socio] [SELECT idSocios, dniSocio, nombreSocio, primerApellidoSocio, segundoApellidoSocio, correoElectronicoSocio, contrasenaSocio from Socios;]
[29/05/2024 01:04:13] [Administrador] [Consulta Pistas] [SELECT idPistas, nombrePista, zonaPista, tipoPista from Pistas;]
[29/05/2024 01:04:26] [Administrador] [Alta Reserva] [INSERT INTO Reservas (idSociosFK, fechaReserva, precioReserva, idPistasFK) SELECT s.idSocios, '2025-10-15', 10000, p.idPistas FROM Socios s JOIN Pistas p ON s.dniSocio = '29804522M' AND p.nombrePista = 'Carlos XIII' AND p.tipoPista = 'Golf']
[29/05/2024 01:04:29] [Administrador] [Consulta Reserva] [SELECT idReservas, precioReserva, fechaReserva, idSociosFK, idPistasFK from Reservas;]
[29/05/2024 01:04:34] [Administrador] [Consulta Reserva] [SELECT idReservas, precioReserva, fechaReserva, idSociosFK, idPistasFK from Reservas;]
[29/05/2024 01:04:41] [Administrador] [Modificación Reserva] [UPDATE Reservas SET fechaReserva = '2025-10-15', precioReserva = '1000.00', idPistasFK = '2' WHERE idSociosFK = '32';]
[29/05/2024 01:04:44] [Administrador] [Consulta Reserva] [SELECT idReservas, precioReserva, fechaReserva, idSociosFK, idPistasFK from Reservas;]
[29/05/2024 01:04:54] [Administrador] [Consulta Reserva] [SELECT idReservas, precioReserva, fechaReserva, idSociosFK, idPistasFK from Reservas;]
[29/05/2024 01:05:02] [Administrador] [Eliminar Reserva] [DELETE FROM Reservas WHERE precioReserva = '1000.00' AND fechaReserva = '2025-10-15' AND idSociosFK = '32';]
[29/05/2024 01:05:09] [Administrador] [Consulta Reserva] [SELECT idReservas, precioReserva, fechaReserva, idSociosFK, idPistasFK from Reservas;]
[29/05/2024 01:05:16] [Administrador] [Consulta Reserva] [SELECT idReservas, precioReserva, fechaReserva, idSociosFK, idPistasFK from Reservas;]
[29/05/2024 01:05:22] [Administrador] [Consulta Socio] [SELECT idSocios, dniSocio, nombreSocio, primerApellidoSocio, segundoApellidoSocio, correoElectronicoSocio, contrasenaSocio from Socios;]
[29/05/2024 01:05:22] [Administrador] [Consulta Pistas] [SELECT idPistas, nombrePista, zonaPista, tipoPista from Pistas;]
[29/05/2024 01:06:59] [Administrador] [Iniciar Sesión] [SELECT * FROM usuarios WHERE nombreUsuario='juanmaRoot' AND contrasenaUsuario = SHA2('Studium2023;', 256);]
[29/05/2024 01:07:13] [Administrador] [Alta Reserva] [INSERT INTO Pistas (nombrePista, zonaPista, tipoPista) VALUES (' juanma', '2', ' Golf');]
[29/05/2024 01:11:13] [Administrador] [Consulta Reserva] [SELECT idReservas, precioReserva, fechaReserva, idSociosFK, idPistasFK from Reservas;]
[29/05/2024 01:11:48] [Administrador] [Alta Pista] [INSERT INTO Pistas (nombrePista, zonaPista, tipoPista, idReservasFK) VALUES ('San Juan', ' 5', ' Futbol', 4);]
[29/05/2024 01:11:56] [Administrador] [Iniciar Sesión] [SELECT * FROM usuarios WHERE nombreUsuario='juanmaRoot' AND contrasenaUsuario = SHA2('Studium2023;', 256);]
[29/05/2024 01:11:59] [Administrador] [Consulta Pistas] [SELECT idPistas, nombrePista, zonaPista, tipoPista from Pistas;]
[29/05/2024 01:15:00] [Administrador] [Iniciar Sesión] [SELECT * FROM usuarios WHERE nombreUsuario='juanmaRoot' AND contrasenaUsuario = SHA2('Studium2023;', 256);]
[29/05/2024 01:15:00] [Administrador] [Iniciar Sesión] [SELECT * FROM usuarios WHERE nombreUsuario='juanmaRoot' AND contrasenaUsuario = SHA2('Studium2023;', 256);]
[29/05/2024 01:15:02] [Administrador] [Consulta Pistas] [SELECT idPistas, nombrePista, zonaPista, tipoPista from Pistas;]
[29/05/2024 01:15:08] [Administrador] [Consulta Pistas] [SELECT idPistas, nombrePista, zonaPista, tipoPista from Pistas;]
[29/05/2024 01:15:16] [Administrador] [Eliminar Pista] [DELETE FROM Pistas WHERE idPistas = 3;]
[29/05/2024 01:15:22] [Administrador] [Consulta Pistas] [SELECT idPistas, nombrePista, zonaPista, tipoPista from Pistas;]
[29/05/2024 01:15:25] [Administrador] [Consulta Reserva] [SELECT idReservas, precioReserva, fechaReserva, idSociosFK, idPistasFK from Reservas;]
[29/05/2024 01:15:40] [Administrador] [Alta Pista] [INSERT INTO Pistas (nombrePista, zonaPista, tipoPista, idReservasFK) VALUES ('San Juan ', ' 5', ' Futbol', 4);]
[29/05/2024 01:15:48] [Administrador] [Consulta Reserva] [SELECT idReservas, precioReserva, fechaReserva, idSociosFK, idPistasFK from Reservas;]
[29/05/2024 01:15:55] [Administrador] [Consulta Socio] [SELECT idSocios, dniSocio, nombreSocio, primerApellidoSocio, segundoApellidoSocio, correoElectronicoSocio, contrasenaSocio from Socios;]
[29/05/2024 01:15:57] [Administrador] [Consulta Socio] [SELECT idSocios, dniSocio, nombreSocio, primerApellidoSocio, segundoApellidoSocio, correoElectronicoSocio, contrasenaSocio from Socios;]
[29/05/2024 01:51:43] [Administrador] [Consulta Pistas] [SELECT idPistas, nombrePista, zonaPista, tipoPista from Pistas;]
[29/05/2024 01:51:46] [Administrador] [Consulta Pista por ID] [SELECT nombrePista, zonaPista, tipoPista FROM Pistas WHERE idPistas = 2;]
[29/05/2024 01:51:48] [Administrador] [Consulta Pista por ID] [SELECT nombrePista, zonaPista, tipoPista FROM Pistas WHERE idPistas = 1;]
[29/05/2024 01:51:53] [Administrador] [Modificar Pista] [UPDATE Pistas SET nombrePista = 'Pista Central', zonaPista = '2', tipoPista = 'Baloncesto' WHERE idPistas = 1;]
[29/05/2024 01:52:00] [Administrador] [Consulta Pistas] [SELECT idPistas, nombrePista, zonaPista, tipoPista from Pistas;]
[29/05/2024 01:52:07] [Administrador] [Iniciar Sesión] [SELECT * FROM usuarios WHERE nombreUsuario='juanmaRoot' AND contrasenaUsuario = SHA2('Studium2023;', 256);]
[29/05/2024 01:52:09] [Administrador] [Consulta Reserva] [SELECT idReservas, precioReserva, fechaReserva, idSociosFK, idPistasFK from Reservas;]
[29/05/2024 01:52:20] [Administrador] [Alta Pista] [INSERT INTO Pistas (nombrePista, zonaPista, tipoPista, idReservasFK) VALUES ('hfdiuFHLWW ', ' 45', ' FKLSGF', 4);]
[29/05/2024 01:52:23] [Administrador] [Consulta Pistas] [SELECT idPistas, nombrePista, zonaPista, tipoPista from Pistas;]
[29/05/2024 01:52:30] [Administrador] [Consulta Pistas] [SELECT idPistas, nombrePista, zonaPista, tipoPista from Pistas;]
[29/05/2024 01:52:32] [Administrador] [Consulta Pista por ID] [SELECT nombrePista, zonaPista, tipoPista FROM Pistas WHERE idPistas = 5;]
[29/05/2024 01:52:36] [Administrador] [Modificar Pista] [UPDATE Pistas SET nombrePista = 'hfdiuFHLWW ', zonaPista = '4', tipoPista = ' FKLSGF' WHERE idPistas = 5;]
[29/05/2024 01:52:41] [Administrador] [Consulta Pistas] [SELECT idPistas, nombrePista, zonaPista, tipoPista from Pistas;]
[29/05/2024 01:52:44] [Administrador] [Eliminar Pista] [DELETE FROM Pistas WHERE idPistas = 5;]
[29/05/2024 11:31:51] [Administrador] [Iniciar Sesión] [SELECT * FROM usuarios WHERE nombreUsuario='juanmaRoot' AND contrasenaUsuario = SHA2('Studium2023;', 256);]
[29/05/2024 11:32:57] [Administrador] [Iniciar Sesión] [SELECT * FROM usuarios WHERE nombreUsuario='JuanmaRoot' AND contrasenaUsuario = SHA2('Studium2023;', 256);]
[29/05/2024 11:33:06] [Administrador] [Consulta Socio] [SELECT idSocios, dniSocio, nombreSocio, primerApellidoSocio, segundoApellidoSocio, correoElectronicoSocio, contrasenaSocio from Socios;]
[29/05/2024 11:33:58] [Administrador] [Consulta Socio] [SELECT idSocios, dniSocio, nombreSocio, primerApellidoSocio, segundoApellidoSocio, correoElectronicoSocio, contrasenaSocio from Socios;]
[29/05/2024 11:34:01] [Administrador] [Consulta Socio] [SELECT idSocios, dniSocio, nombreSocio, primerApellidoSocio, segundoApellidoSocio, correoElectronicoSocio, contrasenaSocio from Socios;]
[29/05/2024 11:34:05] [Administrador] [Consulta Socio] [SELECT idSocios, dniSocio, nombreSocio, primerApellidoSocio, segundoApellidoSocio, correoElectronicoSocio, contrasenaSocio from Socios;]
[29/05/2024 11:34:38] [Administrador] [Consulta Socio] [SELECT idSocios, dniSocio, nombreSocio, primerApellidoSocio, segundoApellidoSocio, correoElectronicoSocio, contrasenaSocio from Socios;]
[29/05/2024 11:34:38] [Administrador] [Consulta Pistas] [SELECT idPistas, nombrePista, zonaPista, tipoPista from Pistas;]
[29/05/2024 11:35:21] [Administrador] [Alta Reserva] [INSERT INTO Reservas (idSociosFK, fechaReserva, precioReserva, idPistasFK) SELECT s.idSocios, '2024-10-15', 180, p.idPistas FROM Socios s JOIN Pistas p ON s.dniSocio = '29804522M' AND p.nombrePista = 'Carlos XIII' AND p.tipoPista = 'Golf']
[29/05/2024 11:35:26] [Administrador] [Alta Reserva] [INSERT INTO Reservas (idSociosFK, fechaReserva, precioReserva, idPistasFK) SELECT s.idSocios, '2024-10-15', , p.idPistas FROM Socios s JOIN Pistas p ON s.dniSocio = '29804522M' AND p.nombrePista = 'Carlos XIII' AND p.tipoPista = 'Golf']
[29/05/2024 11:36:07] [Administrador] [Consulta Reserva] [SELECT idReservas, precioReserva, fechaReserva, idSociosFK, idPistasFK from Reservas;]
[29/05/2024 11:36:34] [Administrador] [Consulta Reserva] [SELECT idReservas, precioReserva, fechaReserva, idSociosFK, idPistasFK from Reservas;]
[29/05/2024 11:36:43] [Administrador] [Consulta Reserva] [SELECT idReservas, precioReserva, fechaReserva, idSociosFK, idPistasFK from Reservas;]
[29/05/2024 11:36:51] [Administrador] [Consulta Reserva] [SELECT idReservas, precioReserva, fechaReserva, idSociosFK, idPistasFK from Reservas;]
[29/05/2024 11:49:21] [Administrador] [Consulta Pistas] [SELECT idPistas, nombrePista, zonaPista, tipoPista from Pistas;]
[29/05/2024 11:49:24] [Administrador] [Consulta Reserva] [SELECT idReservas, precioReserva, fechaReserva, idSociosFK, idPistasFK from Reservas;]
[29/05/2024 11:49:26] [Administrador] [Consulta Reserva] [SELECT idReservas, precioReserva, fechaReserva, idSociosFK, idPistasFK from Reservas;]
[29/05/2024 11:49:40] [Administrador] [Consulta Socio] [SELECT idSocios, dniSocio, nombreSocio, primerApellidoSocio, segundoApellidoSocio, correoElectronicoSocio, contrasenaSocio from Socios;]
[29/05/2024 11:49:40] [Administrador] [Consulta Pistas] [SELECT idPistas, nombrePista, zonaPista, tipoPista from Pistas;]
[29/05/2024 11:50:20] [Administrador] [Consulta Reserva] [SELECT idReservas, precioReserva, fechaReserva, idSociosFK, idPistasFK from Reservas;]
[29/05/2024 11:50:30] [Administrador] [Consulta Reserva] [SELECT idReservas, precioReserva, fechaReserva, idSociosFK, idPistasFK from Reservas;]
[29/05/2024 11:50:49] [Administrador] [Consulta Reserva] [SELECT idReservas, precioReserva, fechaReserva, idSociosFK, idPistasFK from Reservas;]
[29/05/2024 11:50:51] [Administrador] [Consulta Reserva] [SELECT idReservas, precioReserva, fechaReserva, idSociosFK, idPistasFK from Reservas;]
[29/05/2024 11:50:54] [Administrador] [Consulta Pistas] [SELECT idPistas, nombrePista, zonaPista, tipoPista from Pistas;]
[29/05/2024 11:50:56] [Administrador] [Consulta Pista por ID] [SELECT nombrePista, zonaPista, tipoPista FROM Pistas WHERE idPistas = 2;]
[29/05/2024 11:51:00] [Administrador] [Consulta Socio] [SELECT idSocios, dniSocio, nombreSocio, primerApellidoSocio, segundoApellidoSocio, correoElectronicoSocio, contrasenaSocio from Socios;]
[29/05/2024 11:51:03] [Administrador] [Consulta Socio] [SELECT idSocios, dniSocio, nombreSocio, primerApellidoSocio, segundoApellidoSocio, correoElectronicoSocio, contrasenaSocio from Socios;]
[29/05/2024 11:51:06] [Administrador] [Consulta Socio] [SELECT idSocios, dniSocio, nombreSocio, primerApellidoSocio, segundoApellidoSocio, correoElectronicoSocio, contrasenaSocio from Socios;]
[29/05/2024 12:28:10] [Administrador] [Iniciar Sesión] [SELECT * FROM usuarios WHERE nombreUsuario='JuanmaRoot' AND contrasenaUsuario = SHA2('Studium2023;', 256);]
[29/05/2024 14:27:47] [Administrador] [Consulta Reserva] [SELECT idReservas, precioReserva, fechaReserva, idSociosFK, idPistasFK from Reservas;]
[29/05/2024 14:27:57] [Administrador] [Iniciar Sesión] [SELECT * FROM usuarios WHERE nombreUsuario='JuanmaRoot' AND contrasenaUsuario = SHA2('Studium2023;', 256);]
[29/05/2024 14:28:01] [Administrador] [Consulta Reserva] [SELECT idReservas, precioReserva, fechaReserva, idSociosFK, idPistasFK from Reservas;]
[29/05/2024 14:28:02] [Administrador] [Eliminar Reserva] [DELETE FROM Reservas WHERE precioReserva = '120.00' AND fechaReserva = '2024-02-12' AND idSociosFK = '2';]
[29/05/2024 14:32:30] [Administrador] [Consulta Reserva] [SELECT idReservas, precioReserva, fechaReserva, idSociosFK, idPistasFK from Reservas;]
[29/05/2024 14:35:37] [Administrador] [Consulta Reserva] [SELECT idReservas, precioReserva, fechaReserva, idSociosFK, idPistasFK from Reservas;]
[29/05/2024 14:35:39] [Administrador] [Eliminar Reserva] [DELETE FROM Reservas WHERE precioReserva = '180.00' AND fechaReserva = '2024-10-15' AND idSociosFK = '32';]
[29/05/2024 14:38:11] [Administrador] [Consulta Reserva] [SELECT idReservas, precioReserva, fechaReserva, idSociosFK, idPistasFK from Reservas;]
[29/05/2024 14:38:58] [Administrador] [Consulta Reserva] [SELECT idReservas, precioReserva, fechaReserva, idSociosFK, idPistasFK from Reservas;]
[29/05/2024 14:39:18] [Administrador] [Consulta Reserva] [SELECT idReservas, precioReserva, fechaReserva, idSociosFK, idPistasFK from Reservas;]
[29/05/2024 16:49:12] [Administrador] [Iniciar Sesión] [SELECT * FROM usuarios WHERE nombreUsuario='JuanmaRoot' AND contrasenaUsuario = SHA2('Studium2023;', 256);]
[29/05/2024 16:49:18] [Administrador] [Consulta Socio] [SELECT idSocios, dniSocio, nombreSocio, primerApellidoSocio, segundoApellidoSocio, correoElectronicoSocio, contrasenaSocio from Socios;]
[29/05/2024 16:49:23] [Administrador] [Consulta Socio] [SELECT idSocios, dniSocio, nombreSocio, primerApellidoSocio, segundoApellidoSocio, correoElectronicoSocio, contrasenaSocio from Socios;]
[29/05/2024 16:49:25] [Administrador] [Consulta Socio] [SELECT idSocios, dniSocio, nombreSocio, primerApellidoSocio, segundoApellidoSocio, correoElectronicoSocio, contrasenaSocio from Socios;]
[29/05/2024 16:49:34] [Administrador] [Modificación Socio] [UPDATE Socios SET nombreSocio = 'Antonio', primerApellidoSocio = 'Martin', segundoApellidoSocio = 'González', correoElectronicoSocio = 'Antonio@gmail.com', contrasenaSocio = 'Antooniio2024' WHERE dniSocio = '23451244H';]
[29/05/2024 16:49:45] [Administrador] [Consulta Socio] [SELECT idSocios, dniSocio, nombreSocio, primerApellidoSocio, segundoApellidoSocio, correoElectronicoSocio, contrasenaSocio from Socios;]
[30/05/2024 19:32:50] [Administrador] [Consulta Socio] [SELECT idSocios, dniSocio, nombreSocio, primerApellidoSocio, segundoApellidoSocio, correoElectronicoSocio, contrasenaSocio from Socios;]
[30/05/2024 19:56:17] [Administrador] [Iniciar Sesión] [SELECT * FROM usuarios WHERE nombreUsuario='JuanmaRoot' AND contrasenaUsuario = SHA2('Studium2023;', 256);]
[30/05/2024 19:56:20] [Administrador] [Consulta Reserva] [SELECT idReservas, precioReserva, fechaReserva, idSociosFK, idPistasFK from Reservas;]
[30/05/2024 19:56:29] [Administrador] [Consulta Reserva] [SELECT idReservas, precioReserva, fechaReserva, idSociosFK, idPistasFK from Reservas;]
[30/05/2024 19:56:38] [Administrador] [Consulta Reserva] [SELECT idReservas, precioReserva, fechaReserva, idSociosFK, idPistasFK from Reservas;]
[30/05/2024 19:56:40] [Administrador] [Consulta Reserva] [SELECT idReservas, precioReserva, fechaReserva, idSociosFK, idPistasFK from Reservas;]
[30/05/2024 20:53:51] [Administrador] [Iniciar Sesión] [SELECT * FROM usuarios WHERE nombreUsuario='JuanmaRoot' AND contrasenaUsuario = SHA2('Studium2023;', 256);]
[30/05/2024 20:54:03] [Administrador] [Consulta Socio] [SELECT idSocios, dniSocio, nombreSocio, primerApellidoSocio, segundoApellidoSocio, correoElectronicoSocio, contrasenaSocio from Socios;]
[30/05/2024 20:54:06] [Administrador] [Consulta Socio] [SELECT idSocios, dniSocio, nombreSocio, primerApellidoSocio, segundoApellidoSocio, correoElectronicoSocio, contrasenaSocio from Socios;]
[30/05/2024 20:54:08] [Administrador] [Consulta Socio] [SELECT idSocios, dniSocio, nombreSocio, primerApellidoSocio, segundoApellidoSocio, correoElectronicoSocio, contrasenaSocio from Socios;]
[30/05/2024 20:54:13] [Administrador] [Consulta Socio] [SELECT idSocios, dniSocio, nombreSocio, primerApellidoSocio, segundoApellidoSocio, correoElectronicoSocio, contrasenaSocio from Socios;]
[30/05/2024 20:54:41] [Administrador] [Consulta Reserva] [SELECT idReservas, precioReserva, fechaReserva, idSociosFK, idPistasFK from Reservas;]
[30/05/2024 20:54:51] [Administrador] [Consulta Reserva] [SELECT idReservas, precioReserva, fechaReserva, idSociosFK, idPistasFK from Reservas;]
[30/05/2024 20:55:00] [Administrador] [Consulta Reserva] [SELECT idReservas, precioReserva, fechaReserva, idSociosFK, idPistasFK from Reservas;]
[30/05/2024 20:55:07] [Administrador] [Consulta Reserva] [SELECT idReservas, precioReserva, fechaReserva, idSociosFK, idPistasFK from Reservas;]
[30/05/2024 20:55:11] [Administrador] [Consulta Socio] [SELECT idSocios, dniSocio, nombreSocio, primerApellidoSocio, segundoApellidoSocio, correoElectronicoSocio, contrasenaSocio from Socios;]
[30/05/2024 20:55:11] [Administrador] [Consulta Pistas] [SELECT idPistas, nombrePista, zonaPista, tipoPista from Pistas;]
[30/05/2024 20:55:29] [Administrador] [Consulta Socio] [SELECT idSocios, dniSocio, nombreSocio, primerApellidoSocio, segundoApellidoSocio, correoElectronicoSocio, contrasenaSocio from Socios;]
[30/05/2024 20:55:30] [Administrador] [Consulta Socio] [SELECT idSocios, dniSocio, nombreSocio, primerApellidoSocio, segundoApellidoSocio, correoElectronicoSocio, contrasenaSocio from Socios;]
[30/05/2024 20:55:40] [Administrador] [Consulta Socio] [SELECT idSocios, dniSocio, nombreSocio, primerApellidoSocio, segundoApellidoSocio, correoElectronicoSocio, contrasenaSocio from Socios;]
[30/05/2024 20:56:15] [Administrador] [Consulta Socio] [SELECT idSocios, dniSocio, nombreSocio, primerApellidoSocio, segundoApellidoSocio, correoElectronicoSocio, contrasenaSocio from Socios;]
[30/05/2024 20:56:15] [Administrador] [Consulta Pistas] [SELECT idPistas, nombrePista, zonaPista, tipoPista from Pistas;]
[30/05/2024 20:57:31] [Administrador] [Consulta Reserva] [SELECT idReservas, precioReserva, fechaReserva, idSociosFK, idPistasFK from Reservas;]
[30/05/2024 20:57:46] [Administrador] [Consulta Pistas] [SELECT idPistas, nombrePista, zonaPista, tipoPista from Pistas;]
[30/05/2024 20:57:49] [Administrador] [Consulta Pista por ID] [SELECT nombrePista, zonaPista, tipoPista FROM Pistas WHERE idPistas = 2;]
[30/05/2024 21:43:48] [Administrador] [Iniciar Sesión] [SELECT * FROM usuarios WHERE nombreUsuario='JuanmaRoot' AND contrasenaUsuario = SHA2('Studium2023;', 256);]
[30/05/2024 21:48:32] [Administrador] [Consulta Socio] [SELECT idSocios, dniSocio, nombreSocio, primerApellidoSocio, segundoApellidoSocio, correoElectronicoSocio, contrasenaSocio from Socios;]
[30/05/2024 21:50:37] [Administrador] [Consulta Socio] [SELECT idSocios, dniSocio, nombreSocio, primerApellidoSocio, segundoApellidoSocio, correoElectronicoSocio, contrasenaSocio from Socios;]
[30/05/2024 21:50:49] [Administrador] [Consulta Socio] [SELECT idSocios, dniSocio, nombreSocio, primerApellidoSocio, segundoApellidoSocio, correoElectronicoSocio, contrasenaSocio from Socios;]
[30/05/2024 21:50:51] [Administrador] [Consulta Socio] [SELECT idSocios, dniSocio, nombreSocio, primerApellidoSocio, segundoApellidoSocio, correoElectronicoSocio, contrasenaSocio from Socios;]
[30/05/2024 21:53:33] [Administrador] [Iniciar Sesión] [SELECT * FROM usuarios WHERE nombreUsuario='JuanmaRoot' AND contrasenaUsuario = SHA2('Studium2023;', 256);]
[30/05/2024 21:54:43] [Administrador] [Consulta Socio] [SELECT idSocios, dniSocio, nombreSocio, primerApellidoSocio, segundoApellidoSocio, correoElectronicoSocio, contrasenaSocio from Socios;]
[30/05/2024 21:54:43] [Administrador] [Consulta Pistas] [SELECT idPistas, nombrePista, zonaPista, tipoPista from Pistas;]
[30/05/2024 21:56:50] [Administrador] [Consulta Reserva] [SELECT idReservas, precioReserva, fechaReserva, idSociosFK, idPistasFK from Reservas;]
[30/05/2024 21:58:42] [Administrador] [Consulta Reserva] [SELECT idReservas, precioReserva, fechaReserva, idSociosFK, idPistasFK from Reservas;]
[30/05/2024 22:01:29] [Administrador] [Consulta Reserva] [SELECT idReservas, precioReserva, fechaReserva, idSociosFK, idPistasFK from Reservas;]
[30/05/2024 22:03:45] [Administrador] [Consulta Reserva] [SELECT idReservas, precioReserva, fechaReserva, idSociosFK, idPistasFK from Reservas;]
[30/05/2024 22:05:47] [Administrador] [Consulta Pistas] [SELECT idPistas, nombrePista, zonaPista, tipoPista from Pistas;]
[30/05/2024 22:08:10] [Administrador] [Consulta Pistas] [SELECT idPistas, nombrePista, zonaPista, tipoPista from Pistas;]
[30/05/2024 22:10:08] [Administrador] [Consulta Pistas] [SELECT idPistas, nombrePista, zonaPista, tipoPista from Pistas;]
[30/05/2024 22:10:37] [Administrador] [Consulta Pistas] [SELECT idPistas, nombrePista, zonaPista, tipoPista from Pistas;]
[30/05/2024 22:10:40] [Administrador] [Consulta Pista por ID] [SELECT nombrePista, zonaPista, tipoPista FROM Pistas WHERE idPistas = 2;]
[30/05/2024 22:10:44] [Administrador] [Consulta Pista por ID] [SELECT nombrePista, zonaPista, tipoPista FROM Pistas WHERE idPistas = 1;]
[30/05/2024 22:10:46] [Administrador] [Consulta Pista por ID] [SELECT nombrePista, zonaPista, tipoPista FROM Pistas WHERE idPistas = 4;]
[30/05/2024 22:23:48] [Administrador] [Iniciar Sesión] [SELECT * FROM usuarios WHERE nombreUsuario='JuanmaRoot' AND contrasenaUsuario = SHA2('Studium2023;', 256);]
[30/05/2024 22:31:28] [Administrador] [Iniciar Sesión] [SELECT * FROM usuarios WHERE nombreUsuario='JuanmaRoot' AND contrasenaUsuario = SHA2('Studium2023;', 256);]
[30/05/2024 22:41:52] [Administrador] [Iniciar Sesión] [SELECT * FROM usuarios WHERE nombreUsuario='JuanmaRoot' AND contrasenaUsuario = SHA2('Studium2023;', 256);]
[30/05/2024 22:42:53] [Administrador] [Iniciar Sesión] [SELECT * FROM usuarios WHERE nombreUsuario='JuanmaRoot' AND contrasenaUsuario = SHA2('Studium2023;', 256);]
[30/05/2024 22:45:55] [Administrador] [Consulta Reserva] [SELECT idReservas, precioReserva, fechaReserva, idSociosFK, idPistasFK from Reservas;]
[30/05/2024 22:47:01] [Administrador] [Consulta Reserva] [SELECT idReservas, precioReserva, fechaReserva, idSociosFK, idPistasFK from Reservas;]
[30/05/2024 22:47:02] [Administrador] [Consulta Reserva] [SELECT idReservas, precioReserva, fechaReserva, idSociosFK, idPistasFK from Reservas;]
[30/05/2024 22:47:12] [Administrador] [Consulta Reserva] [SELECT idReservas, precioReserva, fechaReserva, idSociosFK, idPistasFK from Reservas;]
[30/05/2024 22:48:10] [Administrador] [Consulta Reserva] [SELECT idReservas, precioReserva, fechaReserva, idSociosFK, idPistasFK from Reservas;]
[30/05/2024 22:48:12] [Administrador] [Consulta Reserva] [SELECT idReservas, precioReserva, fechaReserva, idSociosFK, idPistasFK from Reservas;]
[30/05/2024 23:12:12] [Administrador] [Iniciar Sesión] [SELECT * FROM usuarios WHERE nombreUsuario='JuanmaRoot' AND contrasenaUsuario = SHA2('Studium2023;', 256);]
[30/05/2024 23:12:19] [Administrador] [Consulta Socio] [SELECT idSocios, dniSocio, nombreSocio, primerApellidoSocio, segundoApellidoSocio, correoElectronicoSocio, contrasenaSocio from Socios;]
[30/05/2024 23:12:19] [Administrador] [Consulta Pistas] [SELECT idPistas, nombrePista, zonaPista, tipoPista from Pistas;]
[30/05/2024 23:12:26] [Administrador] [Alta Reserva] [INSERT INTO Reservas (idSociosFK, fechaReserva, precioReserva, idPistasFK) SELECT s.idSocios, '2024-10-15', 130, p.idPistas FROM Socios s JOIN Pistas p ON s.dniSocio = '12345632T' AND p.nombrePista = 'Carlos XIII' AND p.tipoPista = 'Golf']
